<?xml version="1.0" encoding="UTF-8"?>
<coverage generated="1662962644249" clover="3.2.0">
  <project timestamp="1662962644249" name="All files">
    <metrics statements="95" coveredstatements="95" conditionals="31" coveredconditionals="31" methods="11" coveredmethods="9" elements="137" coveredelements="135" complexity="0" loc="95" ncloc="95" packages="1" files="3" classes="3"/>
    <file name="Calculator.jsx" path="/home/cchavez/GitRep/testing/vitest/src/Calculator.jsx">
      <metrics statements="54" coveredstatements="54" conditionals="10" coveredconditionals="10" methods="9" coveredmethods="7"/>
      <line num="1" count="1" type="stmt"/>
      <line num="2" count="1" type="stmt"/>
      <line num="3" count="1" type="stmt"/>
      <line num="4" count="1" type="cond" truecount="1" falsecount="0"/>
      <line num="5" count="1" type="stmt"/>
      <line num="6" count="1" type="stmt"/>
      <line num="7" count="1" type="stmt"/>
      <line num="8" count="1" type="stmt"/>
      <line num="9" count="1" type="stmt"/>
      <line num="10" count="1" type="stmt"/>
      <line num="11" count="1" type="stmt"/>
      <line num="12" count="1" type="cond" truecount="1" falsecount="0"/>
      <line num="13" count="1" type="stmt"/>
      <line num="14" count="1" type="stmt"/>
      <line num="15" count="1" type="cond" truecount="1" falsecount="0"/>
      <line num="16" count="22" type="stmt"/>
      <line num="17" count="22" type="cond" truecount="1" falsecount="0"/>
      <line num="18" count="22" type="stmt"/>
      <line num="19" count="22" type="stmt"/>
      <line num="20" count="22" type="stmt"/>
      <line num="21" count="22" type="stmt"/>
      <line num="22" count="22" type="stmt"/>
      <line num="23" count="22" type="stmt"/>
      <line num="24" count="22" type="stmt"/>
      <line num="25" count="22" type="cond" truecount="1" falsecount="0"/>
      <line num="26" count="22" type="stmt"/>
      <line num="27" count="22" type="cond" truecount="1" falsecount="0"/>
      <line num="28" count="220" type="stmt"/>
      <line num="29" count="22" type="stmt"/>
      <line num="30" count="22" type="cond" truecount="1" falsecount="0"/>
      <line num="31" count="22" type="stmt"/>
      <line num="32" count="22" type="stmt"/>
      <line num="33" count="22" type="stmt"/>
      <line num="34" count="22" type="stmt"/>
      <line num="35" count="22" type="stmt"/>
      <line num="36" count="22" type="stmt"/>
      <line num="37" count="22" type="stmt"/>
      <line num="38" count="22" type="cond" truecount="1" falsecount="0"/>
      <line num="39" count="88" type="stmt"/>
      <line num="40" count="22" type="stmt"/>
      <line num="41" count="22" type="stmt"/>
      <line num="42" count="22" type="cond" truecount="1" falsecount="0"/>
      <line num="43" count="22" type="stmt"/>
      <line num="44" count="22" type="stmt"/>
      <line num="45" count="22" type="stmt"/>
      <line num="46" count="22" type="stmt"/>
      <line num="47" count="22" type="stmt"/>
      <line num="48" count="22" type="cond" truecount="1" falsecount="0"/>
      <line num="49" count="22" type="stmt"/>
      <line num="50" count="22" type="stmt"/>
      <line num="51" count="22" type="stmt"/>
      <line num="52" count="22" type="stmt"/>
      <line num="53" count="1" type="stmt"/>
      <line num="54" count="1" type="stmt"/>
    </file>
    <file name="canReconfigure.js" path="/home/cchavez/GitRep/testing/vitest/src/canReconfigure.js">
      <metrics statements="24" coveredstatements="24" conditionals="14" coveredconditionals="14" methods="1" coveredmethods="1"/>
      <line num="1" count="1" type="stmt"/>
      <line num="2" count="6" type="cond" truecount="2" falsecount="0"/>
      <line num="3" count="6" type="cond" truecount="2" falsecount="0"/>
      <line num="4" count="1" type="stmt"/>
      <line num="5" count="4" type="cond" truecount="1" falsecount="0"/>
      <line num="6" count="6" type="cond" truecount="1" falsecount="0"/>
      <line num="7" count="1" type="stmt"/>
      <line num="8" count="3" type="cond" truecount="1" falsecount="0"/>
      <line num="9" count="6" type="cond" truecount="1" falsecount="0"/>
      <line num="10" count="1" type="stmt"/>
      <line num="11" count="2" type="cond" truecount="1" falsecount="0"/>
      <line num="12" count="2" type="stmt"/>
      <line num="13" count="5" type="cond" truecount="1" falsecount="0"/>
      <line num="14" count="5" type="stmt"/>
      <line num="15" count="5" type="stmt"/>
      <line num="16" count="5" type="stmt"/>
      <line num="17" count="5" type="cond" truecount="2" falsecount="0"/>
      <line num="18" count="4" type="cond" truecount="1" falsecount="0"/>
      <line num="19" count="4" type="stmt"/>
      <line num="20" count="4" type="stmt"/>
      <line num="21" count="1" type="cond" truecount="1" falsecount="0"/>
      <line num="22" count="1" type="stmt"/>
      <line num="23" count="6" type="stmt"/>
      <line num="24" count="1" type="stmt"/>
    </file>
    <file name="fizzbuzz.js" path="/home/cchavez/GitRep/testing/vitest/src/fizzbuzz.js">
      <metrics statements="17" coveredstatements="17" conditionals="7" coveredconditionals="7" methods="1" coveredmethods="1"/>
      <line num="1" count="1" type="stmt"/>
      <line num="2" count="13" type="cond" truecount="1" falsecount="0"/>
      <line num="3" count="2" type="cond" truecount="1" falsecount="0"/>
      <line num="4" count="2" type="stmt"/>
      <line num="5" count="2" type="stmt"/>
      <line num="6" count="11" type="cond" truecount="1" falsecount="0"/>
      <line num="7" count="11" type="stmt"/>
      <line num="8" count="11" type="stmt"/>
      <line num="9" count="11" type="stmt"/>
      <line num="10" count="11" type="cond" truecount="1" falsecount="0"/>
      <line num="11" count="22" type="cond" truecount="1" falsecount="0"/>
      <line num="12" count="22" type="stmt"/>
      <line num="13" count="11" type="stmt"/>
      <line num="14" count="13" type="cond" truecount="2" falsecount="0"/>
      <line num="15" count="10" type="stmt"/>
      <line num="16" count="13" type="stmt"/>
      <line num="17" count="1" type="stmt"/>
    </file>
  </project>
</coverage>
