{"/home/cchavez/GitRep/testing/vitest/src/Calculator.jsx": {"path":"/home/cchavez/GitRep/testing/vitest/src/Calculator.jsx","all":false,"statementMap":{"0":{"start":{"line":1,"column":0},"end":{"line":1,"column":33}},"1":{"start":{"line":2,"column":0},"end":{"line":2,"column":32}},"2":{"start":{"line":3,"column":0},"end":{"line":3,"column":0}},"3":{"start":{"line":4,"column":0},"end":{"line":4,"column":53}},"4":{"start":{"line":5,"column":0},"end":{"line":5,"column":21}},"5":{"start":{"line":6,"column":0},"end":{"line":6,"column":18}},"6":{"start":{"line":7,"column":0},"end":{"line":7,"column":18}},"7":{"start":{"line":8,"column":0},"end":{"line":8,"column":18}},"8":{"start":{"line":9,"column":0},"end":{"line":9,"column":7}},"9":{"start":{"line":10,"column":0},"end":{"line":10,"column":1}},"10":{"start":{"line":11,"column":0},"end":{"line":11,"column":0}},"11":{"start":{"line":12,"column":0},"end":{"line":12,"column":45}},"12":{"start":{"line":13,"column":0},"end":{"line":13,"column":25}},"13":{"start":{"line":14,"column":0},"end":{"line":14,"column":0}},"14":{"start":{"line":15,"column":0},"end":{"line":15,"column":26}},"15":{"start":{"line":16,"column":0},"end":{"line":16,"column":40}},"16":{"start":{"line":17,"column":0},"end":{"line":17,"column":51}},"17":{"start":{"line":18,"column":0},"end":{"line":18,"column":0}},"18":{"start":{"line":19,"column":0},"end":{"line":19,"column":10}},"19":{"start":{"line":20,"column":0},"end":{"line":20,"column":9}},"20":{"start":{"line":21,"column":0},"end":{"line":21,"column":25}},"21":{"start":{"line":22,"column":0},"end":{"line":22,"column":50}},"22":{"start":{"line":23,"column":0},"end":{"line":23,"column":23}},"23":{"start":{"line":24,"column":0},"end":{"line":24,"column":9}},"24":{"start":{"line":25,"column":0},"end":{"line":25,"column":36}},"25":{"start":{"line":26,"column":0},"end":{"line":26,"column":40}},"26":{"start":{"line":27,"column":0},"end":{"line":27,"column":32}},"27":{"start":{"line":28,"column":0},"end":{"line":28,"column":23}},"28":{"start":{"line":29,"column":0},"end":{"line":29,"column":30}},"29":{"start":{"line":30,"column":0},"end":{"line":30,"column":54}},"30":{"start":{"line":31,"column":0},"end":{"line":31,"column":29}},"31":{"start":{"line":32,"column":0},"end":{"line":32,"column":25}},"32":{"start":{"line":33,"column":0},"end":{"line":33,"column":27}},"33":{"start":{"line":34,"column":0},"end":{"line":34,"column":18}},"34":{"start":{"line":35,"column":0},"end":{"line":35,"column":12}},"35":{"start":{"line":36,"column":0},"end":{"line":36,"column":9}},"36":{"start":{"line":37,"column":0},"end":{"line":37,"column":9}},"37":{"start":{"line":38,"column":0},"end":{"line":38,"column":37}},"38":{"start":{"line":39,"column":0},"end":{"line":39,"column":19}},"39":{"start":{"line":40,"column":0},"end":{"line":40,"column":28}},"40":{"start":{"line":41,"column":0},"end":{"line":41,"column":25}},"41":{"start":{"line":42,"column":0},"end":{"line":42,"column":52}},"42":{"start":{"line":43,"column":0},"end":{"line":43,"column":13}},"43":{"start":{"line":44,"column":0},"end":{"line":44,"column":24}},"44":{"start":{"line":45,"column":0},"end":{"line":45,"column":21}},"45":{"start":{"line":46,"column":0},"end":{"line":46,"column":12}},"46":{"start":{"line":47,"column":0},"end":{"line":47,"column":9}},"47":{"start":{"line":48,"column":0},"end":{"line":48,"column":87}},"48":{"start":{"line":49,"column":0},"end":{"line":49,"column":12}},"49":{"start":{"line":50,"column":0},"end":{"line":50,"column":10}},"50":{"start":{"line":51,"column":0},"end":{"line":51,"column":3}},"51":{"start":{"line":52,"column":0},"end":{"line":52,"column":1}},"52":{"start":{"line":53,"column":0},"end":{"line":53,"column":0}},"53":{"start":{"line":54,"column":0},"end":{"line":54,"column":25}}},"s":{"0":1,"1":1,"2":1,"3":1,"4":1,"5":1,"6":1,"7":1,"8":1,"9":1,"10":1,"11":1,"12":1,"13":1,"14":1,"15":22,"16":22,"17":22,"18":22,"19":22,"20":22,"21":22,"22":22,"23":22,"24":22,"25":22,"26":22,"27":220,"28":22,"29":22,"30":22,"31":22,"32":22,"33":22,"34":22,"35":22,"36":22,"37":22,"38":88,"39":22,"40":22,"41":22,"42":22,"43":22,"44":22,"45":22,"46":22,"47":22,"48":22,"49":22,"50":22,"51":22,"52":1,"53":1},"branchMap":{"0":{"type":"branch","line":4,"loc":{"start":{"line":4,"column":23},"end":{"line":4,"column":24}},"locations":[{"start":{"line":4,"column":23},"end":{"line":4,"column":24}}]},"1":{"type":"branch","line":12,"loc":{"start":{"line":12,"column":25},"end":{"line":12,"column":26}},"locations":[{"start":{"line":12,"column":25},"end":{"line":12,"column":26}}]},"2":{"type":"branch","line":15,"loc":{"start":{"line":15,"column":19},"end":{"line":52,"column":1}},"locations":[{"start":{"line":15,"column":19},"end":{"line":52,"column":1}}]},"3":{"type":"branch","line":17,"loc":{"start":{"line":17,"column":24},"end":{"line":17,"column":40}},"locations":[{"start":{"line":17,"column":24},"end":{"line":17,"column":40}}]},"4":{"type":"branch","line":25,"loc":{"start":{"line":25,"column":20},"end":{"line":26,"column":17}},"locations":[{"start":{"line":25,"column":20},"end":{"line":26,"column":17}}]},"5":{"type":"branch","line":27,"loc":{"start":{"line":27,"column":23},"end":{"line":28,"column":23}},"locations":[{"start":{"line":27,"column":23},"end":{"line":28,"column":23}}]},"6":{"type":"branch","line":30,"loc":{"start":{"line":30,"column":27},"end":{"line":30,"column":46}},"locations":[{"start":{"line":30,"column":27},"end":{"line":30,"column":46}}]},"7":{"type":"branch","line":38,"loc":{"start":{"line":38,"column":24},"end":{"line":39,"column":19}},"locations":[{"start":{"line":38,"column":24},"end":{"line":39,"column":19}}]},"8":{"type":"branch","line":42,"loc":{"start":{"line":42,"column":23},"end":{"line":42,"column":42}},"locations":[{"start":{"line":42,"column":23},"end":{"line":42,"column":42}}]},"9":{"type":"branch","line":48,"loc":{"start":{"line":48,"column":25},"end":{"line":48,"column":40}},"locations":[{"start":{"line":48,"column":25},"end":{"line":48,"column":40}}]}},"b":{"0":[1],"1":[1],"2":[22],"3":[10],"4":[88],"5":[220],"6":[8],"7":[88],"8":[2],"9":[1]},"fnMap":{"0":{"name":"get","decl":{"start":{"line":4,"column":23},"end":{"line":4,"column":24}},"loc":{"start":{"line":4,"column":23},"end":{"line":4,"column":24}},"line":4},"1":{"name":"get","decl":{"start":{"line":5,"column":20},"end":{"line":5,"column":21}},"loc":{"start":{"line":5,"column":20},"end":{"line":5,"column":21}},"line":5},"2":{"name":"get","decl":{"start":{"line":12,"column":25},"end":{"line":12,"column":26}},"loc":{"start":{"line":12,"column":25},"end":{"line":12,"column":26}},"line":12},"3":{"name":"get","decl":{"start":{"line":13,"column":22},"end":{"line":13,"column":25}},"loc":{"start":{"line":13,"column":22},"end":{"line":13,"column":25}},"line":13},"4":{"name":"Calculator","decl":{"start":{"line":15,"column":19},"end":{"line":52,"column":1}},"loc":{"start":{"line":15,"column":19},"end":{"line":52,"column":1}},"line":15},"5":{"name":"handledClick","decl":{"start":{"line":17,"column":24},"end":{"line":17,"column":40}},"loc":{"start":{"line":17,"column":24},"end":{"line":17,"column":40}},"line":17},"6":{"name":"onClick","decl":{"start":{"line":30,"column":27},"end":{"line":30,"column":46}},"loc":{"start":{"line":30,"column":27},"end":{"line":30,"column":46}},"line":30},"7":{"name":"onClick","decl":{"start":{"line":42,"column":23},"end":{"line":42,"column":42}},"loc":{"start":{"line":42,"column":23},"end":{"line":42,"column":42}},"line":42},"8":{"name":"onClick","decl":{"start":{"line":48,"column":25},"end":{"line":48,"column":40}},"loc":{"start":{"line":48,"column":25},"end":{"line":48,"column":40}},"line":48}},"f":{"0":1,"1":0,"2":1,"3":0,"4":22,"5":10,"6":8,"7":2,"8":1}}
,"/home/cchavez/GitRep/testing/vitest/src/canReconfigure.js": {"path":"/home/cchavez/GitRep/testing/vitest/src/canReconfigure.js","all":false,"statementMap":{"0":{"start":{"line":1,"column":0},"end":{"line":1,"column":38}},"1":{"start":{"line":2,"column":0},"end":{"line":2,"column":74}},"2":{"start":{"line":3,"column":0},"end":{"line":3,"column":92}},"3":{"start":{"line":4,"column":0},"end":{"line":4,"column":0}},"4":{"start":{"line":5,"column":0},"end":{"line":5,"column":48}},"5":{"start":{"line":6,"column":0},"end":{"line":6,"column":33}},"6":{"start":{"line":7,"column":0},"end":{"line":7,"column":0}},"7":{"start":{"line":8,"column":0},"end":{"line":8,"column":70}},"8":{"start":{"line":9,"column":0},"end":{"line":9,"column":41}},"9":{"start":{"line":10,"column":0},"end":{"line":10,"column":0}},"10":{"start":{"line":11,"column":0},"end":{"line":11,"column":27}},"11":{"start":{"line":12,"column":0},"end":{"line":12,"column":41}},"12":{"start":{"line":13,"column":0},"end":{"line":13,"column":30}},"13":{"start":{"line":14,"column":0},"end":{"line":14,"column":26}},"14":{"start":{"line":15,"column":0},"end":{"line":15,"column":0}},"15":{"start":{"line":16,"column":0},"end":{"line":16,"column":50}},"16":{"start":{"line":17,"column":0},"end":{"line":17,"column":61}},"17":{"start":{"line":18,"column":0},"end":{"line":18,"column":41}},"18":{"start":{"line":19,"column":0},"end":{"line":19,"column":3}},"19":{"start":{"line":20,"column":0},"end":{"line":20,"column":0}},"20":{"start":{"line":21,"column":0},"end":{"line":21,"column":13}},"21":{"start":{"line":22,"column":0},"end":{"line":22,"column":1}},"22":{"start":{"line":23,"column":0},"end":{"line":23,"column":0}},"23":{"start":{"line":24,"column":0},"end":{"line":24,"column":29}}},"s":{"0":1,"1":6,"2":6,"3":1,"4":4,"5":6,"6":1,"7":3,"8":6,"9":1,"10":2,"11":2,"12":5,"13":5,"14":5,"15":5,"16":5,"17":4,"18":4,"19":4,"20":1,"21":1,"22":6,"23":1},"branchMap":{"0":{"type":"branch","line":2,"loc":{"start":{"line":2,"column":-1},"end":{"line":23,"column":0}},"locations":[{"start":{"line":2,"column":-1},"end":{"line":23,"column":0}}]},"1":{"type":"branch","line":2,"loc":{"start":{"line":2,"column":33},"end":{"line":3,"column":2}},"locations":[{"start":{"line":2,"column":33},"end":{"line":3,"column":2}}]},"2":{"type":"branch","line":3,"loc":{"start":{"line":3,"column":0},"end":{"line":3,"column":31}},"locations":[{"start":{"line":3,"column":0},"end":{"line":3,"column":31}}]},"3":{"type":"branch","line":3,"loc":{"start":{"line":3,"column":31},"end":{"line":4,"column":0}},"locations":[{"start":{"line":3,"column":31},"end":{"line":4,"column":0}}]},"4":{"type":"branch","line":5,"loc":{"start":{"line":5,"column":-1},"end":{"line":6,"column":22}},"locations":[{"start":{"line":5,"column":-1},"end":{"line":6,"column":22}}]},"5":{"type":"branch","line":6,"loc":{"start":{"line":6,"column":22},"end":{"line":7,"column":0}},"locations":[{"start":{"line":6,"column":22},"end":{"line":7,"column":0}}]},"6":{"type":"branch","line":8,"loc":{"start":{"line":8,"column":-1},"end":{"line":9,"column":30}},"locations":[{"start":{"line":8,"column":-1},"end":{"line":9,"column":30}}]},"7":{"type":"branch","line":9,"loc":{"start":{"line":9,"column":30},"end":{"line":10,"column":0}},"locations":[{"start":{"line":9,"column":30},"end":{"line":10,"column":0}}]},"8":{"type":"branch","line":11,"loc":{"start":{"line":11,"column":-1},"end":{"line":12,"column":41}},"locations":[{"start":{"line":11,"column":-1},"end":{"line":12,"column":41}}]},"9":{"type":"branch","line":13,"loc":{"start":{"line":13,"column":-1},"end":{"line":20,"column":0}},"locations":[{"start":{"line":13,"column":-1},"end":{"line":20,"column":0}}]},"10":{"type":"branch","line":17,"loc":{"start":{"line":17,"column":21},"end":{"line":17,"column":48}},"locations":[{"start":{"line":17,"column":21},"end":{"line":17,"column":48}}]},"11":{"type":"branch","line":17,"loc":{"start":{"line":17,"column":50},"end":{"line":18,"column":2}},"locations":[{"start":{"line":17,"column":50},"end":{"line":18,"column":2}}]},"12":{"type":"branch","line":18,"loc":{"start":{"line":18,"column":0},"end":{"line":20,"column":0}},"locations":[{"start":{"line":18,"column":0},"end":{"line":20,"column":0}}]},"13":{"type":"branch","line":21,"loc":{"start":{"line":21,"column":-1},"end":{"line":22,"column":1}},"locations":[{"start":{"line":21,"column":-1},"end":{"line":22,"column":1}}]}},"b":{"0":[6],"1":[1],"2":[5],"3":[1],"4":[4],"5":[1],"6":[3],"7":[1],"8":[2],"9":[5],"10":[1],"11":[1],"12":[4],"13":[1]},"fnMap":{"0":{"name":"canReconfigure","decl":{"start":{"line":2,"column":-1},"end":{"line":23,"column":0}},"loc":{"start":{"line":2,"column":-1},"end":{"line":23,"column":0}},"line":2}},"f":{"0":6}}
,"/home/cchavez/GitRep/testing/vitest/src/fizzbuzz.js": {"path":"/home/cchavez/GitRep/testing/vitest/src/fizzbuzz.js","all":false,"statementMap":{"0":{"start":{"line":1,"column":0},"end":{"line":1,"column":27}},"1":{"start":{"line":2,"column":0},"end":{"line":2,"column":32}},"2":{"start":{"line":3,"column":0},"end":{"line":3,"column":35}},"3":{"start":{"line":4,"column":0},"end":{"line":4,"column":3}},"4":{"start":{"line":5,"column":0},"end":{"line":5,"column":0}},"5":{"start":{"line":6,"column":0},"end":{"line":6,"column":44}},"6":{"start":{"line":7,"column":0},"end":{"line":7,"column":16}},"7":{"start":{"line":8,"column":0},"end":{"line":8,"column":8}},"8":{"start":{"line":9,"column":0},"end":{"line":9,"column":23}},"9":{"start":{"line":10,"column":0},"end":{"line":10,"column":36}},"10":{"start":{"line":11,"column":0},"end":{"line":11,"column":45}},"11":{"start":{"line":12,"column":0},"end":{"line":12,"column":6}},"12":{"start":{"line":13,"column":0},"end":{"line":13,"column":0}},"13":{"start":{"line":14,"column":0},"end":{"line":14,"column":35}},"14":{"start":{"line":15,"column":0},"end":{"line":15,"column":1}},"15":{"start":{"line":16,"column":0},"end":{"line":16,"column":0}},"16":{"start":{"line":17,"column":0},"end":{"line":17,"column":23}}},"s":{"0":1,"1":13,"2":2,"3":2,"4":2,"5":11,"6":11,"7":11,"8":11,"9":11,"10":22,"11":22,"12":11,"13":13,"14":10,"15":13,"16":1},"branchMap":{"0":{"type":"branch","line":2,"loc":{"start":{"line":2,"column":-1},"end":{"line":16,"column":0}},"locations":[{"start":{"line":2,"column":-1},"end":{"line":16,"column":0}}]},"1":{"type":"branch","line":3,"loc":{"start":{"line":3,"column":-1},"end":{"line":5,"column":0}},"locations":[{"start":{"line":3,"column":-1},"end":{"line":5,"column":0}}]},"2":{"type":"branch","line":6,"loc":{"start":{"line":6,"column":-1},"end":{"line":14,"column":23}},"locations":[{"start":{"line":6,"column":-1},"end":{"line":14,"column":23}}]},"3":{"type":"branch","line":14,"loc":{"start":{"line":14,"column":23},"end":{"line":14,"column":28}},"locations":[{"start":{"line":14,"column":23},"end":{"line":14,"column":28}}]},"4":{"type":"branch","line":14,"loc":{"start":{"line":14,"column":29},"end":{"line":15,"column":1}},"locations":[{"start":{"line":14,"column":29},"end":{"line":15,"column":1}}]},"5":{"type":"branch","line":10,"loc":{"start":{"line":10,"column":14},"end":{"line":12,"column":6}},"locations":[{"start":{"line":10,"column":14},"end":{"line":12,"column":6}}]},"6":{"type":"branch","line":11,"loc":{"start":{"line":11,"column":33},"end":{"line":12,"column":2}},"locations":[{"start":{"line":11,"column":33},"end":{"line":12,"column":2}}]}},"b":{"0":[13],"1":[2],"2":[11],"3":[1],"4":[10],"5":[22],"6":[13]},"fnMap":{"0":{"name":"fizzbuzz","decl":{"start":{"line":2,"column":-1},"end":{"line":16,"column":0}},"loc":{"start":{"line":2,"column":-1},"end":{"line":16,"column":0}},"line":2}},"f":{"0":13}}
}
